Microsoft (R) Build Engine version 4.6.79.0
[Microsoft .NET Framework, version 4.0.30319.42000]
Copyright (C) Microsoft Corporation. All rights reserved.

Building the projects in this solution one at a time. To enable parallel build, please add the "/m" switch.
Build started 14-Nov-15 6:41:54 PM.
Project "C:\Users\Guzel\Desktop\lol\Geometric-task\projectX.sln" on node 1 (default targets).
ValidateSolutionConfiguration:
  Building solution configuration "Debug|Any CPU".
Project "C:\Users\Guzel\Desktop\lol\Geometric-task\projectX.sln" (1) is building "C:\Users\Guzel\Desktop\lol\Geometric-task\ConsoleTest\ConsoleTest.csproj" (2) on node 1 (default targets).
Project file contains ToolsVersion="12.0". This toolset may be unknown or missing, in which case you may be able to resolve this by installing the appropriate version of MSBuild, or the build may have been forced to a particular ToolsVersion for policy reasons. Treating the project as if it had ToolsVersion="4.0". For more information, please see http://go.microsoft.com/fwlink/?LinkId=291333.
PrepareForBuild:
  Creating directory "obj\Debug\".
Project "C:\Users\Guzel\Desktop\lol\Geometric-task\ConsoleTest\ConsoleTest.csproj" (2) is building "C:\Users\Guzel\Desktop\lol\Geometric-task\OurLib\OurLib.csproj" (3) on node 1 (default targets).
Project file contains ToolsVersion="12.0". This toolset may be unknown or missing, in which case you may be able to resolve this by installing the appropriate version of MSBuild, or the build may have been forced to a particular ToolsVersion for policy reasons. Treating the project as if it had ToolsVersion="4.0". For more information, please see http://go.microsoft.com/fwlink/?LinkId=291333.
GenerateTargetFrameworkMonikerAttribute:
Skipping target "GenerateTargetFrameworkMonikerAttribute" because all output files are up-to-date with respect to the input files.
CoreCompile:
Skipping target "CoreCompile" because all output files are up-to-date with respect to the input files.
CopyFilesToOutputDirectory:
  OurLib -> C:\Users\Guzel\Desktop\lol\Geometric-task\OurLib\bin\Debug\ClassLibrary1.dll
Done Building Project "C:\Users\Guzel\Desktop\lol\Geometric-task\OurLib\OurLib.csproj" (default targets).
Project "C:\Users\Guzel\Desktop\lol\Geometric-task\ConsoleTest\ConsoleTest.csproj" (2) is building "C:\Users\Guzel\Desktop\lol\Geometric-task\OurLib\OurLib.csproj" (3:3) on node 1 (GetNativeManifest target(s)).
Project file contains ToolsVersion="12.0". This toolset may be unknown or missing, in which case you may be able to resolve this by installing the appropriate version of MSBuild, or the build may have been forced to a particular ToolsVersion for policy reasons. Treating the project as if it had ToolsVersion="4.0". For more information, please see http://go.microsoft.com/fwlink/?LinkId=291333.
Done Building Project "C:\Users\Guzel\Desktop\lol\Geometric-task\OurLib\OurLib.csproj" (GetNativeManifest target(s)).
GenerateTargetFrameworkMonikerAttribute:
Skipping target "GenerateTargetFrameworkMonikerAttribute" because all output files are up-to-date with respect to the input files.
CoreCompile:
  C:\Windows\Microsoft.NET\Framework64\v4.0.30319\Csc.exe /noconfig /nowarn:1701,1702 /nostdlib+ /platform:anycpu32bitpreferred /errorreport:prompt /warn:4 /define:DEBUG;TRACE /highentropyva+ /reference:C:\Users\Guzel\Desktop\lol\Geometric-task\OurLib\bin\Debug\ClassLibrary1.dll /reference:"C:\Program Files (x86)\Reference Assemblies\Microsoft\Framework\.NETFramework\v4.5\Microsoft.CSharp.dll" /reference:"C:\Program Files (x86)\Reference Assemblies\Microsoft\Framework\.NETFramework\v4.5\mscorlib.dll" /reference:"C:\Program Files (x86)\Reference Assemblies\Microsoft\Framework\.NETFramework\v4.5\System.Core.dll" /reference:"C:\Program Files (x86)\Reference Assemblies\Microsoft\Framework\.NETFramework\v4.5\System.Data.DataSetExtensions.dll" /reference:"C:\Program Files (x86)\Reference Assemblies\Microsoft\Framework\.NETFramework\v4.5\System.Data.dll" /reference:"C:\Program Files (x86)\Reference Assemblies\Microsoft\Framework\.NETFramework\v4.5\System.dll" /reference:"C:\Program Files (x86)\Reference Assemblies\Microsoft\Framework\.NETFramework\v4.5\System.Xml.dll" /reference:"C:\Program Files (x86)\Reference Assemblies\Microsoft\Framework\.NETFramework\v4.5\System.Xml.Linq.dll" /debug+ /debug:full /filealign:512 /optimize- /out:obj\Debug\ConsoleApplication1.exe /subsystemversion:6.00 /target:exe /utf8output ConsoleTest.cs Properties\AssemblyInfo.cs "C:\Users\Guzel\AppData\Local\Temp\.NETFramework,Version=v4.5.AssemblyAttributes.cs"
_CopyAppConfigFile:
Skipping target "_CopyAppConfigFile" because all output files are up-to-date with respect to the input files.
CopyFilesToOutputDirectory:
  Copying file from "obj\Debug\ConsoleApplication1.exe" to "bin\Debug\ConsoleApplication1.exe".
  ConsoleTest -> C:\Users\Guzel\Desktop\lol\Geometric-task\ConsoleTest\bin\Debug\ConsoleApplication1.exe
  Copying file from "obj\Debug\ConsoleApplication1.pdb" to "bin\Debug\ConsoleApplication1.pdb".
Done Building Project "C:\Users\Guzel\Desktop\lol\Geometric-task\ConsoleTest\ConsoleTest.csproj" (default targets).
Project "C:\Users\Guzel\Desktop\lol\Geometric-task\projectX.sln" (1) is building "C:\Users\Guzel\Desktop\lol\Geometric-task\GUI\GUI.csproj" (4) on node 1 (default targets).
Project file contains ToolsVersion="12.0". This toolset may be unknown or missing, in which case you may be able to resolve this by installing the appropriate version of MSBuild, or the build may have been forced to a particular ToolsVersion for policy reasons. Treating the project as if it had ToolsVersion="4.0". For more information, please see http://go.microsoft.com/fwlink/?LinkId=291333.
CoreResGen:
  No resources are out of date with respect to their source files. Skipping resource generation.
GenerateTargetFrameworkMonikerAttribute:
Skipping target "GenerateTargetFrameworkMonikerAttribute" because all output files are up-to-date with respect to the input files.
CoreCompile:
Skipping target "CoreCompile" because all output files are up-to-date with respect to the input files.
_CopyAppConfigFile:
Skipping target "_CopyAppConfigFile" because all output files are up-to-date with respect to the input files.
CopyFilesToOutputDirectory:
  GUI -> C:\Users\Guzel\Desktop\lol\Geometric-task\GUI\bin\Debug\GUI.exe
Done Building Project "C:\Users\Guzel\Desktop\lol\Geometric-task\GUI\GUI.csproj" (default targets).
Project "C:\Users\Guzel\Desktop\lol\Geometric-task\projectX.sln" (1) is building "C:\Users\Guzel\Desktop\lol\Geometric-task\UnitTestProject1\UnitTestProject1.csproj" (5) on node 1 (default targets).
GenerateTargetFrameworkMonikerAttribute:
Skipping target "GenerateTargetFrameworkMonikerAttribute" because all output files are up-to-date with respect to the input files.
CoreCompile:
Skipping target "CoreCompile" because all output files are up-to-date with respect to the input files.
CopyFilesToOutputDirectory:
  UnitTestProject1 -> C:\Users\Guzel\Desktop\lol\Geometric-task\UnitTestProject1\bin\Debug\UnitTestProject1.dll
Done Building Project "C:\Users\Guzel\Desktop\lol\Geometric-task\UnitTestProject1\UnitTestProject1.csproj" (default targets).
Done Building Project "C:\Users\Guzel\Desktop\lol\Geometric-task\projectX.sln" (default targets).

Build succeeded.
    0 Warning(s)
    0 Error(s)

Time Elapsed 00:00:01.02
